Success (1):
content 157603 _a-0000ec63-bb64-8000-9c60-011c48011c48_2870181 "DPOC_RELEASE_DATE"

Referenced precedents that were not exported (1):
content 157394 e5f47a26-775d-43a0-8429-32dff6b27279

Trace:
2024-08-09 12:26:47.273 DEBUG content 157603 _a-0000ec63-bb64-8000-9c60-011c48011c48_2870181 Begin transport.
2024-08-09 12:26:47.273 DEBUG content 157603 _a-0000ec63-bb64-8000-9c60-011c48011c48_2870181 Retrieving object data.
2024-08-09 12:26:47.286 DEBUG content 157603 _a-0000ec63-bb64-8000-9c60-011c48011c48_2870181 Setting uuids of object references.
2024-08-09 12:26:47.286 DEBUG content 157603 _a-0000ec63-bb64-8000-9c60-011c48011c48_2870181 Processing reference: [Content:id=157603,versionId=-1,name=DPOC_RELEASE_DATE,type=32,subtype=0,uuid=_a-0000ec63-bb64-8000-9c60-011c48011c48_2870181,parent=157394]
2024-08-09 12:26:47.286 DEBUG content 157603 _a-0000ec63-bb64-8000-9c60-011c48011c48_2870181 Processing reference: Constant.forum
2024-08-09 12:26:47.286 DEBUG content 157603 _a-0000ec63-bb64-8000-9c60-011c48011c48_2870181 Processing reference: Constant.parent
2024-08-09 12:26:47.294 DEBUG content 157603 _a-0000ec63-bb64-8000-9c60-011c48011c48_2870181 Processing reference: com.appiancorp.suiteapi.content.ContentRoleMap@37383621[
  ContentRole[name=readers,inherit=true,allowForAll=false]
  ContentRole[name=authors,inherit=true,allowForAll=false]
  ContentRole[name=administrators,inherit=true,allowForAll=false]
  ContentRole[name=denyReaders,inherit=false,allowForAll=false]
  ContentRole[name=denyAuthors,inherit=false,allowForAll=false]
  ContentRole[name=denyAdministrators,inherit=false,allowForAll=false]
  securityVector=15:SEC_PUBLIC=true,SEC_CREATOR_ADMIN=false,SEC_INH_ADMIN=true,SEC_INH_EDITOR=true,SEC_INH_VIEWER=true,SEC_ALL_ADMIN=false,SEC_ALL_EDITOR=false,SEC_ALL_VIEWER=false
]
2024-08-09 12:26:47.294 DEBUG content 157603 _a-0000ec63-bb64-8000-9c60-011c48011c48_2870181 Processing reference: ContentRole[name=readers,inherit=true,allowForAll=false]
2024-08-09 12:26:47.294 DEBUG content 157603 _a-0000ec63-bb64-8000-9c60-011c48011c48_2870181 Processing reference: ContentRole[name=authors,inherit=true,allowForAll=false]
2024-08-09 12:26:47.294 DEBUG content 157603 _a-0000ec63-bb64-8000-9c60-011c48011c48_2870181 Processing reference: ContentRole[name=administrators,inherit=true,allowForAll=false]
2024-08-09 12:26:47.294 DEBUG content 157603 _a-0000ec63-bb64-8000-9c60-011c48011c48_2870181 Processing reference: ContentRole[name=denyReaders,inherit=false,allowForAll=false]
2024-08-09 12:26:47.294 DEBUG content 157603 _a-0000ec63-bb64-8000-9c60-011c48011c48_2870181 Processing reference: ContentRole[name=denyAuthors,inherit=false,allowForAll=false]
2024-08-09 12:26:47.294 DEBUG content 157603 _a-0000ec63-bb64-8000-9c60-011c48011c48_2870181 Processing reference: ContentRole[name=denyAdministrators,inherit=false,allowForAll=false]
2024-08-09 12:26:47.297 DEBUG content 157603 _a-0000ec63-bb64-8000-9c60-011c48011c48_2870181 Registering export properties.
2024-08-09 12:26:47.297 DEBUG content 157603 _a-0000ec63-bb64-8000-9c60-011c48011c48_2870181 Exporting binary resources.
2024-08-09 12:26:47.297 DEBUG content 157603 _a-0000ec63-bb64-8000-9c60-011c48011c48_2870181 Serializing object to XML.
2024-08-09 12:26:47.299 DEBUG content 157603 _a-0000ec63-bb64-8000-9c60-011c48011c48_2870181 Object transported.
