Success (10):
group 2440 ec1bef8d-8b63-45a0-b21c-56f66da631f2 "DPOC Administrators"
group 2441 923f643e-9a4a-457d-9929-7d6f0caba32b "DPOC Users"
content 157394 e5f47a26-775d-43a0-8429-32dff6b27279 "DPOC Rules & Constants"
content 157395 513a4a12-0a6c-40c9-ac34-1760d3c596f2 "DPOC Knowledge Center"
content 157396 d03aab8c-2136-4dff-9c9d-e235e5677364 "DPOC Application Documentation"
content 157397 d1ea79db-420a-4a77-a6ca-512325d9f6ad "DPOC Artifacts"
content 157408 _a-0000ec63-bb64-8000-9c60-011c48011c48_2866700 "DPOC_FLAG"
processModelFolder 511 0832e025-6f56-4977-8b61-c2496ad39a0a "DPOC Process Models"
processModel 22242 0002ec71-2b68-8000-ba28-7f0000014e7a "DPOC  Dummy PM"
application 157398 0b5c685d-8368-4955-9c80-c9f2b70c8140 "Devops POC"

Trace:
2024-08-08 17:56:26.21 DEBUG application 157398 0b5c685d-8368-4955-9c80-c9f2b70c8140 Begin transport.
2024-08-08 17:56:26.21 DEBUG application 157398 0b5c685d-8368-4955-9c80-c9f2b70c8140 Retrieving object data.
2024-08-08 17:56:26.219 DEBUG application 157398 0b5c685d-8368-4955-9c80-c9f2b70c8140 App associated objects: [group=[ec1bef8d-8b63-45a0-b21c-56f66da631f2, 923f643e-9a4a-457d-9929-7d6f0caba32b],content=[e5f47a26-775d-43a0-8429-32dff6b27279, d03aab8c-2136-4dff-9c9d-e235e5677364, d1ea79db-420a-4a77-a6ca-512325d9f6ad, 513a4a12-0a6c-40c9-ac34-1760d3c596f2, _a-0000ec63-bb64-8000-9c60-011c48011c48_2866700],processModelFolder=[0832e025-6f56-4977-8b61-c2496ad39a0a],processModel=[0002ec71-2b68-8000-ba28-7f0000014e7a]]
2024-08-08 17:56:26.239 DEBUG application 157398 0b5c685d-8368-4955-9c80-c9f2b70c8140 Invalid associated objects: []
2024-08-08 17:56:26.239 DEBUG application 157398 0b5c685d-8368-4955-9c80-c9f2b70c8140 Adding valid associated objects to be exported: GlobalBindingMap[group={ec1bef8d-8b63-45a0-b21c-56f66da631f2=2440, 923f643e-9a4a-457d-9929-7d6f0caba32b=2441},content={e5f47a26-775d-43a0-8429-32dff6b27279=157394, d03aab8c-2136-4dff-9c9d-e235e5677364=157396, d1ea79db-420a-4a77-a6ca-512325d9f6ad=157397, 513a4a12-0a6c-40c9-ac34-1760d3c596f2=157395, _a-0000ec63-bb64-8000-9c60-011c48011c48_2866700=157408},processModelFolder={0832e025-6f56-4977-8b61-c2496ad39a0a=511},processModel={0002ec71-2b68-8000-ba28-7f0000014e7a=22242}]
2024-08-08 17:56:26.239 DEBUG application 157398 0b5c685d-8368-4955-9c80-c9f2b70c8140 Setting uuids of object references.
2024-08-08 17:56:26.24 DEBUG application 157398 0b5c685d-8368-4955-9c80-c9f2b70c8140 Processing reference: Application.forum
2024-08-08 17:56:26.241 DEBUG application 157398 0b5c685d-8368-4955-9c80-c9f2b70c8140 Processing reference: Application.parent
2024-08-08 17:56:26.244 DEBUG application 157398 0b5c685d-8368-4955-9c80-c9f2b70c8140 Processing reference: com.appiancorp.suiteapi.content.ContentRoleMap@3c622598[
  ContentRole[name=readers,groupIds=[2441],inherit=false,allowForAll=false]
  ContentRole[name=authors,inherit=false,allowForAll=false]
  ContentRole[name=administrators,groupIds=[2440],inherit=false,allowForAll=false]
  ContentRole[name=denyReaders,inherit=false,allowForAll=false]
  ContentRole[name=denyAuthors,inherit=false,allowForAll=false]
  ContentRole[name=denyAdministrators,inherit=false,allowForAll=false]
  securityVector=1:SEC_PUBLIC=true,SEC_CREATOR_ADMIN=false,SEC_INH_ADMIN=false,SEC_INH_EDITOR=false,SEC_INH_VIEWER=false,SEC_ALL_ADMIN=false,SEC_ALL_EDITOR=false,SEC_ALL_VIEWER=false
]
2024-08-08 17:56:26.244 DEBUG application 157398 0b5c685d-8368-4955-9c80-c9f2b70c8140 Processing reference: ContentRole[name=readers,groupIds=[2441],inherit=false,allowForAll=false]
2024-08-08 17:56:26.245 DEBUG group 2441 923f643e-9a4a-457d-9929-7d6f0caba32b Begin transport.
2024-08-08 17:56:26.245 DEBUG group 2441 923f643e-9a4a-457d-9929-7d6f0caba32b Retrieving object data.
2024-08-08 17:56:26.252 DEBUG group 2441 923f643e-9a4a-457d-9929-7d6f0caba32b Setting uuids of object references.
2024-08-08 17:56:26.252 DEBUG group 2441 923f643e-9a4a-457d-9929-7d6f0caba32b Processing reference: Role[name=<null>,groupIds=[2440]]
2024-08-08 17:56:26.254 DEBUG group 2440 ec1bef8d-8b63-45a0-b21c-56f66da631f2 Begin transport.
2024-08-08 17:56:26.254 DEBUG group 2440 ec1bef8d-8b63-45a0-b21c-56f66da631f2 Retrieving object data.
2024-08-08 17:56:26.26 DEBUG group 2440 ec1bef8d-8b63-45a0-b21c-56f66da631f2 Setting uuids of object references.
2024-08-08 17:56:26.26 DEBUG group 2440 ec1bef8d-8b63-45a0-b21c-56f66da631f2 Processing reference: Role[name=<null>,groupIds=[2440]]
2024-08-08 17:56:26.261 DEBUG group 2440 ec1bef8d-8b63-45a0-b21c-56f66da631f2 Begin transport.
2024-08-08 17:56:26.261 DEBUG group 2440 ec1bef8d-8b63-45a0-b21c-56f66da631f2 Loop detected: [group:2440]
2024-08-08 17:56:26.261 DEBUG group 2440 Breaking loop [group:2440]. group:2440 will be transported with its reference to 2440 nulled out and will require a second pass.
2024-08-08 17:56:26.262 DEBUG group 2440 ec1bef8d-8b63-45a0-b21c-56f66da631f2 Processing reference: Group.groupTypeId
2024-08-08 17:56:26.264 DEBUG group 2440 ec1bef8d-8b63-45a0-b21c-56f66da631f2 Processing reference: Group.parentId
2024-08-08 17:56:26.264 DEBUG group 2440 ec1bef8d-8b63-45a0-b21c-56f66da631f2 Processing reference: Group.homePageId
2024-08-08 17:56:26.264 DEBUG group 2440 ec1bef8d-8b63-45a0-b21c-56f66da631f2 Processing reference: Role[name=<null>]
2024-08-08 17:56:26.264 DEBUG group 2440 ec1bef8d-8b63-45a0-b21c-56f66da631f2 Object transported with these references nulled out: [group:2440]
2024-08-08 17:56:26.264 DEBUG group 2440 ec1bef8d-8b63-45a0-b21c-56f66da631f2 Binding pending incomplete: group:2440
2024-08-08 17:56:26.266 DEBUG group 2440 ec1bef8d-8b63-45a0-b21c-56f66da631f2 Begin transport.
2024-08-08 17:56:26.266 DEBUG group 2440 ec1bef8d-8b63-45a0-b21c-56f66da631f2 Retrieving object data.
2024-08-08 17:56:26.272 DEBUG group 2440 ec1bef8d-8b63-45a0-b21c-56f66da631f2 Setting uuids of object references.
2024-08-08 17:56:26.272 DEBUG group 2440 ec1bef8d-8b63-45a0-b21c-56f66da631f2 Processing reference: Role[name=<null>,groupIds=[2440]]
2024-08-08 17:56:26.274 DEBUG group 2440 ec1bef8d-8b63-45a0-b21c-56f66da631f2 Processing reference: Group.groupTypeId
2024-08-08 17:56:26.275 DEBUG group 2440 ec1bef8d-8b63-45a0-b21c-56f66da631f2 Processing reference: Group.parentId
2024-08-08 17:56:26.275 DEBUG group 2440 ec1bef8d-8b63-45a0-b21c-56f66da631f2 Processing reference: Group.homePageId
2024-08-08 17:56:26.275 DEBUG group 2440 ec1bef8d-8b63-45a0-b21c-56f66da631f2 Processing reference: Role[name=<null>]
2024-08-08 17:56:26.275 DEBUG group 2440 ec1bef8d-8b63-45a0-b21c-56f66da631f2 Exporting binary resources.
2024-08-08 17:56:26.275 DEBUG group 2440 ec1bef8d-8b63-45a0-b21c-56f66da631f2 Serializing object to XML.
2024-08-08 17:56:26.275 DEBUG group 2440 ec1bef8d-8b63-45a0-b21c-56f66da631f2 Removed object from incomplete list.
2024-08-08 17:56:26.275 DEBUG group 2440 ec1bef8d-8b63-45a0-b21c-56f66da631f2 Object transported.
2024-08-08 17:56:26.275 DEBUG group 2440 ec1bef8d-8b63-45a0-b21c-56f66da631f2 Binding pending incomplete: group:2440
2024-08-08 17:56:26.276 DEBUG group 2441 923f643e-9a4a-457d-9929-7d6f0caba32b Processing reference: Group.groupTypeId
2024-08-08 17:56:26.278 DEBUG group 2441 923f643e-9a4a-457d-9929-7d6f0caba32b Processing reference: Group.parentId
2024-08-08 17:56:26.278 DEBUG group 2441 923f643e-9a4a-457d-9929-7d6f0caba32b Processing reference: Group.homePageId
2024-08-08 17:56:26.278 DEBUG group 2441 923f643e-9a4a-457d-9929-7d6f0caba32b Processing reference: Role[name=<null>,groupIds=[2440]]
2024-08-08 17:56:26.279 DEBUG group 2441 923f643e-9a4a-457d-9929-7d6f0caba32b Exporting binary resources.
2024-08-08 17:56:26.279 DEBUG group 2441 923f643e-9a4a-457d-9929-7d6f0caba32b Serializing object to XML.
2024-08-08 17:56:26.28 DEBUG group 2441 923f643e-9a4a-457d-9929-7d6f0caba32b Object transported.
2024-08-08 17:56:26.28 DEBUG application 157398 0b5c685d-8368-4955-9c80-c9f2b70c8140 Processing reference: ContentRole[name=authors,inherit=false,allowForAll=false]
2024-08-08 17:56:26.28 DEBUG application 157398 0b5c685d-8368-4955-9c80-c9f2b70c8140 Processing reference: ContentRole[name=administrators,groupIds=[2440],inherit=false,allowForAll=false]
2024-08-08 17:56:26.281 DEBUG application 157398 0b5c685d-8368-4955-9c80-c9f2b70c8140 Processing reference: ContentRole[name=denyReaders,inherit=false,allowForAll=false]
2024-08-08 17:56:26.281 DEBUG application 157398 0b5c685d-8368-4955-9c80-c9f2b70c8140 Processing reference: ContentRole[name=denyAuthors,inherit=false,allowForAll=false]
2024-08-08 17:56:26.281 DEBUG application 157398 0b5c685d-8368-4955-9c80-c9f2b70c8140 Processing reference: ContentRole[name=denyAdministrators,inherit=false,allowForAll=false]
2024-08-08 17:56:26.308 DEBUG content 157394 e5f47a26-775d-43a0-8429-32dff6b27279 Begin transport.
2024-08-08 17:56:26.308 DEBUG content 157394 e5f47a26-775d-43a0-8429-32dff6b27279 Retrieving object data.
2024-08-08 17:56:26.32 DEBUG content 157394 e5f47a26-775d-43a0-8429-32dff6b27279 Setting uuids of object references.
2024-08-08 17:56:26.321 DEBUG content 157394 e5f47a26-775d-43a0-8429-32dff6b27279 Processing reference: RulesFolder.forum
2024-08-08 17:56:26.321 DEBUG content 157394 e5f47a26-775d-43a0-8429-32dff6b27279 Processing reference: RulesFolder.parent
2024-08-08 17:56:26.324 DEBUG content 157394 e5f47a26-775d-43a0-8429-32dff6b27279 Processing reference: com.appiancorp.suiteapi.content.ContentRoleMap@17a193f4[
  ContentRole[name=readers,groupIds=[2441],inherit=false,allowForAll=false]
  ContentRole[name=authors,inherit=false,allowForAll=false]
  ContentRole[name=administrators,groupIds=[2440],inherit=false,allowForAll=false]
  ContentRole[name=denyReaders,inherit=false,allowForAll=false]
  ContentRole[name=denyAuthors,inherit=false,allowForAll=false]
  ContentRole[name=denyAdministrators,inherit=false,allowForAll=false]
  securityVector=1:SEC_PUBLIC=true,SEC_CREATOR_ADMIN=false,SEC_INH_ADMIN=false,SEC_INH_EDITOR=false,SEC_INH_VIEWER=false,SEC_ALL_ADMIN=false,SEC_ALL_EDITOR=false,SEC_ALL_VIEWER=false
]
2024-08-08 17:56:26.324 DEBUG content 157394 e5f47a26-775d-43a0-8429-32dff6b27279 Processing reference: ContentRole[name=readers,groupIds=[2441],inherit=false,allowForAll=false]
2024-08-08 17:56:26.325 DEBUG content 157394 e5f47a26-775d-43a0-8429-32dff6b27279 Processing reference: ContentRole[name=authors,inherit=false,allowForAll=false]
2024-08-08 17:56:26.325 DEBUG content 157394 e5f47a26-775d-43a0-8429-32dff6b27279 Processing reference: ContentRole[name=administrators,groupIds=[2440],inherit=false,allowForAll=false]
2024-08-08 17:56:26.326 DEBUG content 157394 e5f47a26-775d-43a0-8429-32dff6b27279 Processing reference: ContentRole[name=denyReaders,inherit=false,allowForAll=false]
2024-08-08 17:56:26.326 DEBUG content 157394 e5f47a26-775d-43a0-8429-32dff6b27279 Processing reference: ContentRole[name=denyAuthors,inherit=false,allowForAll=false]
2024-08-08 17:56:26.326 DEBUG content 157394 e5f47a26-775d-43a0-8429-32dff6b27279 Processing reference: ContentRole[name=denyAdministrators,inherit=false,allowForAll=false]
2024-08-08 17:56:26.326 DEBUG content 157394 e5f47a26-775d-43a0-8429-32dff6b27279 Exporting binary resources.
2024-08-08 17:56:26.326 DEBUG content 157394 e5f47a26-775d-43a0-8429-32dff6b27279 Serializing object to XML.
2024-08-08 17:56:26.327 DEBUG content 157394 e5f47a26-775d-43a0-8429-32dff6b27279 Object transported.
2024-08-08 17:56:26.327 DEBUG content 157396 d03aab8c-2136-4dff-9c9d-e235e5677364 Begin transport.
2024-08-08 17:56:26.327 DEBUG content 157396 d03aab8c-2136-4dff-9c9d-e235e5677364 Retrieving object data.
2024-08-08 17:56:26.336 DEBUG content 157396 d03aab8c-2136-4dff-9c9d-e235e5677364 Setting uuids of object references.
2024-08-08 17:56:26.336 DEBUG content 157396 d03aab8c-2136-4dff-9c9d-e235e5677364 Processing reference: KnowledgeFolder.forum
2024-08-08 17:56:26.336 DEBUG content 157396 d03aab8c-2136-4dff-9c9d-e235e5677364 Processing reference: KnowledgeFolder.parent
2024-08-08 17:56:26.339 DEBUG content 157395 513a4a12-0a6c-40c9-ac34-1760d3c596f2 Begin transport.
2024-08-08 17:56:26.339 DEBUG content 157395 513a4a12-0a6c-40c9-ac34-1760d3c596f2 Retrieving object data.
2024-08-08 17:56:26.351 DEBUG content 157395 513a4a12-0a6c-40c9-ac34-1760d3c596f2 Setting uuids of object references.
2024-08-08 17:56:26.351 DEBUG content 157395 513a4a12-0a6c-40c9-ac34-1760d3c596f2 Processing reference: CommunityKnowledgeCenter.forum
2024-08-08 17:56:26.352 DEBUG content 157395 513a4a12-0a6c-40c9-ac34-1760d3c596f2 Processing reference: CommunityKnowledgeCenter.parent
2024-08-08 17:56:26.353 DEBUG content 157395 513a4a12-0a6c-40c9-ac34-1760d3c596f2 Processing reference: com.appiancorp.suiteapi.content.ContentRoleMap@4b053c00[
  ContentRole[name=readers,groupIds=[2441],inherit=false,allowForAll=false]
  ContentRole[name=authors,inherit=false,allowForAll=false]
  ContentRole[name=administrators,groupIds=[2440],inherit=false,allowForAll=false]
  ContentRole[name=denyReaders,inherit=false,allowForAll=false]
  ContentRole[name=denyAuthors,inherit=false,allowForAll=false]
  ContentRole[name=denyAdministrators,inherit=false,allowForAll=false]
  securityVector=1:SEC_PUBLIC=true,SEC_CREATOR_ADMIN=false,SEC_INH_ADMIN=false,SEC_INH_EDITOR=false,SEC_INH_VIEWER=false,SEC_ALL_ADMIN=false,SEC_ALL_EDITOR=false,SEC_ALL_VIEWER=false
]
2024-08-08 17:56:26.353 DEBUG content 157395 513a4a12-0a6c-40c9-ac34-1760d3c596f2 Processing reference: ContentRole[name=readers,groupIds=[2441],inherit=false,allowForAll=false]
2024-08-08 17:56:26.355 DEBUG content 157395 513a4a12-0a6c-40c9-ac34-1760d3c596f2 Processing reference: ContentRole[name=authors,inherit=false,allowForAll=false]
2024-08-08 17:56:26.355 DEBUG content 157395 513a4a12-0a6c-40c9-ac34-1760d3c596f2 Processing reference: ContentRole[name=administrators,groupIds=[2440],inherit=false,allowForAll=false]
2024-08-08 17:56:26.356 DEBUG content 157395 513a4a12-0a6c-40c9-ac34-1760d3c596f2 Processing reference: ContentRole[name=denyReaders,inherit=false,allowForAll=false]
2024-08-08 17:56:26.356 DEBUG content 157395 513a4a12-0a6c-40c9-ac34-1760d3c596f2 Processing reference: ContentRole[name=denyAuthors,inherit=false,allowForAll=false]
2024-08-08 17:56:26.356 DEBUG content 157395 513a4a12-0a6c-40c9-ac34-1760d3c596f2 Processing reference: ContentRole[name=denyAdministrators,inherit=false,allowForAll=false]
2024-08-08 17:56:26.356 DEBUG content 157395 513a4a12-0a6c-40c9-ac34-1760d3c596f2 Exporting binary resources.
2024-08-08 17:56:26.356 DEBUG content 157395 513a4a12-0a6c-40c9-ac34-1760d3c596f2 Serializing object to XML.
2024-08-08 17:56:26.357 DEBUG content 157395 513a4a12-0a6c-40c9-ac34-1760d3c596f2 Object transported.
2024-08-08 17:56:26.357 DEBUG content 157396 d03aab8c-2136-4dff-9c9d-e235e5677364 Processing reference: com.appiancorp.suiteapi.content.ContentRoleMap@3d92e76b[
  ContentRole[name=readers,inherit=true,allowForAll=false]
  ContentRole[name=authors,inherit=true,allowForAll=false]
  ContentRole[name=administrators,inherit=true,allowForAll=false]
  ContentRole[name=denyReaders,inherit=false,allowForAll=false]
  ContentRole[name=denyAuthors,inherit=false,allowForAll=false]
  ContentRole[name=denyAdministrators,inherit=false,allowForAll=false]
  securityVector=15:SEC_PUBLIC=true,SEC_CREATOR_ADMIN=false,SEC_INH_ADMIN=true,SEC_INH_EDITOR=true,SEC_INH_VIEWER=true,SEC_ALL_ADMIN=false,SEC_ALL_EDITOR=false,SEC_ALL_VIEWER=false
]
2024-08-08 17:56:26.357 DEBUG content 157396 d03aab8c-2136-4dff-9c9d-e235e5677364 Processing reference: ContentRole[name=readers,inherit=true,allowForAll=false]
2024-08-08 17:56:26.357 DEBUG content 157396 d03aab8c-2136-4dff-9c9d-e235e5677364 Processing reference: ContentRole[name=authors,inherit=true,allowForAll=false]
2024-08-08 17:56:26.357 DEBUG content 157396 d03aab8c-2136-4dff-9c9d-e235e5677364 Processing reference: ContentRole[name=administrators,inherit=true,allowForAll=false]
2024-08-08 17:56:26.357 DEBUG content 157396 d03aab8c-2136-4dff-9c9d-e235e5677364 Processing reference: ContentRole[name=denyReaders,inherit=false,allowForAll=false]
2024-08-08 17:56:26.357 DEBUG content 157396 d03aab8c-2136-4dff-9c9d-e235e5677364 Processing reference: ContentRole[name=denyAuthors,inherit=false,allowForAll=false]
2024-08-08 17:56:26.357 DEBUG content 157396 d03aab8c-2136-4dff-9c9d-e235e5677364 Processing reference: ContentRole[name=denyAdministrators,inherit=false,allowForAll=false]
2024-08-08 17:56:26.357 DEBUG content 157396 d03aab8c-2136-4dff-9c9d-e235e5677364 Exporting binary resources.
2024-08-08 17:56:26.357 DEBUG content 157396 d03aab8c-2136-4dff-9c9d-e235e5677364 Serializing object to XML.
2024-08-08 17:56:26.357 DEBUG content 157396 d03aab8c-2136-4dff-9c9d-e235e5677364 Object transported.
2024-08-08 17:56:26.357 DEBUG content 157397 d1ea79db-420a-4a77-a6ca-512325d9f6ad Begin transport.
2024-08-08 17:56:26.357 DEBUG content 157397 d1ea79db-420a-4a77-a6ca-512325d9f6ad Retrieving object data.
2024-08-08 17:56:26.367 DEBUG content 157397 d1ea79db-420a-4a77-a6ca-512325d9f6ad Setting uuids of object references.
2024-08-08 17:56:26.367 DEBUG content 157397 d1ea79db-420a-4a77-a6ca-512325d9f6ad Processing reference: KnowledgeFolder.forum
2024-08-08 17:56:26.367 DEBUG content 157397 d1ea79db-420a-4a77-a6ca-512325d9f6ad Processing reference: KnowledgeFolder.parent
2024-08-08 17:56:26.369 DEBUG content 157397 d1ea79db-420a-4a77-a6ca-512325d9f6ad Processing reference: com.appiancorp.suiteapi.content.ContentRoleMap@6399948f[
  ContentRole[name=readers,inherit=true,allowForAll=false]
  ContentRole[name=authors,inherit=true,allowForAll=false]
  ContentRole[name=administrators,inherit=true,allowForAll=false]
  ContentRole[name=denyReaders,inherit=false,allowForAll=false]
  ContentRole[name=denyAuthors,inherit=false,allowForAll=false]
  ContentRole[name=denyAdministrators,inherit=false,allowForAll=false]
  securityVector=15:SEC_PUBLIC=true,SEC_CREATOR_ADMIN=false,SEC_INH_ADMIN=true,SEC_INH_EDITOR=true,SEC_INH_VIEWER=true,SEC_ALL_ADMIN=false,SEC_ALL_EDITOR=false,SEC_ALL_VIEWER=false
]
2024-08-08 17:56:26.369 DEBUG content 157397 d1ea79db-420a-4a77-a6ca-512325d9f6ad Processing reference: ContentRole[name=readers,inherit=true,allowForAll=false]
2024-08-08 17:56:26.369 DEBUG content 157397 d1ea79db-420a-4a77-a6ca-512325d9f6ad Processing reference: ContentRole[name=authors,inherit=true,allowForAll=false]
2024-08-08 17:56:26.369 DEBUG content 157397 d1ea79db-420a-4a77-a6ca-512325d9f6ad Processing reference: ContentRole[name=administrators,inherit=true,allowForAll=false]
2024-08-08 17:56:26.369 DEBUG content 157397 d1ea79db-420a-4a77-a6ca-512325d9f6ad Processing reference: ContentRole[name=denyReaders,inherit=false,allowForAll=false]
2024-08-08 17:56:26.369 DEBUG content 157397 d1ea79db-420a-4a77-a6ca-512325d9f6ad Processing reference: ContentRole[name=denyAuthors,inherit=false,allowForAll=false]
2024-08-08 17:56:26.369 DEBUG content 157397 d1ea79db-420a-4a77-a6ca-512325d9f6ad Processing reference: ContentRole[name=denyAdministrators,inherit=false,allowForAll=false]
2024-08-08 17:56:26.369 DEBUG content 157397 d1ea79db-420a-4a77-a6ca-512325d9f6ad Exporting binary resources.
2024-08-08 17:56:26.369 DEBUG content 157397 d1ea79db-420a-4a77-a6ca-512325d9f6ad Serializing object to XML.
2024-08-08 17:56:26.369 DEBUG content 157397 d1ea79db-420a-4a77-a6ca-512325d9f6ad Object transported.
2024-08-08 17:56:26.369 DEBUG content 157408 _a-0000ec63-bb64-8000-9c60-011c48011c48_2866700 Begin transport.
2024-08-08 17:56:26.369 DEBUG content 157408 _a-0000ec63-bb64-8000-9c60-011c48011c48_2866700 Retrieving object data.
2024-08-08 17:56:26.38 DEBUG content 157408 _a-0000ec63-bb64-8000-9c60-011c48011c48_2866700 Setting uuids of object references.
2024-08-08 17:56:26.38 DEBUG content 157408 _a-0000ec63-bb64-8000-9c60-011c48011c48_2866700 Processing reference: [Content:id=157408,versionId=-1,name=DPOC_FLAG,type=32,subtype=0,uuid=_a-0000ec63-bb64-8000-9c60-011c48011c48_2866700,parent=157394]
2024-08-08 17:56:26.382 DEBUG content 157408 _a-0000ec63-bb64-8000-9c60-011c48011c48_2866700 Processing reference: Constant.forum
2024-08-08 17:56:26.382 DEBUG content 157408 _a-0000ec63-bb64-8000-9c60-011c48011c48_2866700 Processing reference: Constant.parent
2024-08-08 17:56:26.392 DEBUG content 157408 _a-0000ec63-bb64-8000-9c60-011c48011c48_2866700 Processing reference: com.appiancorp.suiteapi.content.ContentRoleMap@45fc8084[
  ContentRole[name=readers,inherit=true,allowForAll=false]
  ContentRole[name=authors,inherit=true,allowForAll=false]
  ContentRole[name=administrators,inherit=true,allowForAll=false]
  ContentRole[name=denyReaders,inherit=false,allowForAll=false]
  ContentRole[name=denyAuthors,inherit=false,allowForAll=false]
  ContentRole[name=denyAdministrators,inherit=false,allowForAll=false]
  securityVector=15:SEC_PUBLIC=true,SEC_CREATOR_ADMIN=false,SEC_INH_ADMIN=true,SEC_INH_EDITOR=true,SEC_INH_VIEWER=true,SEC_ALL_ADMIN=false,SEC_ALL_EDITOR=false,SEC_ALL_VIEWER=false
]
2024-08-08 17:56:26.392 DEBUG content 157408 _a-0000ec63-bb64-8000-9c60-011c48011c48_2866700 Processing reference: ContentRole[name=readers,inherit=true,allowForAll=false]
2024-08-08 17:56:26.392 DEBUG content 157408 _a-0000ec63-bb64-8000-9c60-011c48011c48_2866700 Processing reference: ContentRole[name=authors,inherit=true,allowForAll=false]
2024-08-08 17:56:26.392 DEBUG content 157408 _a-0000ec63-bb64-8000-9c60-011c48011c48_2866700 Processing reference: ContentRole[name=administrators,inherit=true,allowForAll=false]
2024-08-08 17:56:26.392 DEBUG content 157408 _a-0000ec63-bb64-8000-9c60-011c48011c48_2866700 Processing reference: ContentRole[name=denyReaders,inherit=false,allowForAll=false]
2024-08-08 17:56:26.392 DEBUG content 157408 _a-0000ec63-bb64-8000-9c60-011c48011c48_2866700 Processing reference: ContentRole[name=denyAuthors,inherit=false,allowForAll=false]
2024-08-08 17:56:26.392 DEBUG content 157408 _a-0000ec63-bb64-8000-9c60-011c48011c48_2866700 Processing reference: ContentRole[name=denyAdministrators,inherit=false,allowForAll=false]
2024-08-08 17:56:26.392 DEBUG content 157408 _a-0000ec63-bb64-8000-9c60-011c48011c48_2866700 Exporting binary resources.
2024-08-08 17:56:26.392 DEBUG content 157408 _a-0000ec63-bb64-8000-9c60-011c48011c48_2866700 Serializing object to XML.
2024-08-08 17:56:26.407 DEBUG content 157408 _a-0000ec63-bb64-8000-9c60-011c48011c48_2866700 Object transported.
2024-08-08 17:56:26.431 DEBUG processModelFolder 511 0832e025-6f56-4977-8b61-c2496ad39a0a Begin transport.
2024-08-08 17:56:26.431 DEBUG processModelFolder 511 0832e025-6f56-4977-8b61-c2496ad39a0a Retrieving object data.
2024-08-08 17:56:26.434 DEBUG processModelFolder 511 0832e025-6f56-4977-8b61-c2496ad39a0a Setting uuids of object references.
2024-08-08 17:56:26.435 DEBUG processModelFolder 511 0832e025-6f56-4977-8b61-c2496ad39a0a Processing reference: ProcessModelFolder.parentFolderId
2024-08-08 17:56:26.435 DEBUG processModelFolder 511 0832e025-6f56-4977-8b61-c2496ad39a0a Processing reference: com.appiancorp.suiteapi.process.ProcessRoleMap@f8a7768[
  Role[name=ADMIN_OWNER,groupIds=[2440]]
  Role[name=EDITOR]
  Role[name=EXPLICIT_NONMEMBER]
  Role[name=VIEWER,groupIds=[2441]]
  Role[name=MANAGER]
  Role[name=INITIATOR]
]
2024-08-08 17:56:26.435 DEBUG processModelFolder 511 0832e025-6f56-4977-8b61-c2496ad39a0a Processing reference: Role[name=ADMIN_OWNER,groupIds=[2440]]
2024-08-08 17:56:26.437 DEBUG processModelFolder 511 0832e025-6f56-4977-8b61-c2496ad39a0a Processing reference: Role[name=EDITOR]
2024-08-08 17:56:26.437 DEBUG processModelFolder 511 0832e025-6f56-4977-8b61-c2496ad39a0a Processing reference: Role[name=EXPLICIT_NONMEMBER]
2024-08-08 17:56:26.437 DEBUG processModelFolder 511 0832e025-6f56-4977-8b61-c2496ad39a0a Processing reference: Role[name=VIEWER,groupIds=[2441]]
2024-08-08 17:56:26.438 DEBUG processModelFolder 511 0832e025-6f56-4977-8b61-c2496ad39a0a Processing reference: Role[name=MANAGER]
2024-08-08 17:56:26.438 DEBUG processModelFolder 511 0832e025-6f56-4977-8b61-c2496ad39a0a Processing reference: Role[name=INITIATOR]
2024-08-08 17:56:26.438 DEBUG processModelFolder 511 0832e025-6f56-4977-8b61-c2496ad39a0a Exporting binary resources.
2024-08-08 17:56:26.438 DEBUG processModelFolder 511 0832e025-6f56-4977-8b61-c2496ad39a0a Serializing object to XML.
2024-08-08 17:56:26.438 DEBUG processModelFolder 511 0832e025-6f56-4977-8b61-c2496ad39a0a Object transported.
2024-08-08 17:56:26.457 DEBUG processModel 22242 0002ec71-2b68-8000-ba28-7f0000014e7a Begin transport.
2024-08-08 17:56:26.457 DEBUG processModel 22242 0002ec71-2b68-8000-ba28-7f0000014e7a Retrieving object data.
2024-08-08 17:56:26.476 DEBUG processModel 22242 0002ec71-2b68-8000-ba28-7f0000014e7a Setting uuids of object references.
2024-08-08 17:56:26.476 DEBUG processModel 22242 0002ec71-2b68-8000-ba28-7f0000014e7a Processing reference: ProcessModelHaul.folderId
2024-08-08 17:56:26.477 DEBUG processModel 22242 0002ec71-2b68-8000-ba28-7f0000014e7a Processing reference: ProcessModelHaul.modelDashboardPageId
2024-08-08 17:56:26.477 DEBUG processModel 22242 0002ec71-2b68-8000-ba28-7f0000014e7a Processing reference: ProcessModelHaul.processDashboardPageId
2024-08-08 17:56:26.477 DEBUG processModel 22242 0002ec71-2b68-8000-ba28-7f0000014e7a Processing reference: ProcessModel.emailAttachmentFolderId
2024-08-08 17:56:26.478 DEBUG processModel 22242 0002ec71-2b68-8000-ba28-7f0000014e7a Processing reference: InternalForm.docId
2024-08-08 17:56:26.478 DEBUG processModel 22242 0002ec71-2b68-8000-ba28-7f0000014e7a Processing reference: InternalForm.docId
2024-08-08 17:56:26.478 DEBUG processModel 22242 0002ec71-2b68-8000-ba28-7f0000014e7a Processing reference: 4096 2440
2024-08-08 17:56:26.479 DEBUG processModel 22242 0002ec71-2b68-8000-ba28-7f0000014e7a Processing reference: ActivityClass.localId
2024-08-08 17:56:26.479 DEBUG processModel 22242 0002ec71-2b68-8000-ba28-7f0000014e7a Processing reference: ActivityClass.localId
2024-08-08 17:56:26.479 DEBUG processModel 22242 0002ec71-2b68-8000-ba28-7f0000014e7a Processing reference: ActivityClass.localId
2024-08-08 17:56:26.479 DEBUG processModel 22242 0002ec71-2b68-8000-ba28-7f0000014e7a Processing reference: ActivityClassParameter[name=pmID,it=23,v=<null>]
2024-08-08 17:56:26.479 DEBUG processModel 22242 0002ec71-2b68-8000-ba28-7f0000014e7a Processing reference: ActivityClassParameter[name=inMap,it=111,v={}]
2024-08-08 17:56:26.479 DEBUG processModel 22242 0002ec71-2b68-8000-ba28-7f0000014e7a Processing reference: ActivityClassParameter[name=procInheritsPriority,it=1,v=1]
2024-08-08 17:56:26.479 DEBUG processModel 22242 0002ec71-2b68-8000-ba28-7f0000014e7a Processing reference: ActivityClassParameter[name=pmUUID,it=3,v=]
2024-08-08 17:56:26.479 DEBUG processModel 22242 0002ec71-2b68-8000-ba28-7f0000014e7a Processing reference: ActivityClassParameter[name=isAsynchronous,it=26,v=1]
2024-08-08 17:56:26.479 DEBUG processModel 22242 0002ec71-2b68-8000-ba28-7f0000014e7a Processing reference: ActivityClassParameter[name=isTransparent,it=26,v=1]
2024-08-08 17:56:26.479 DEBUG processModel 22242 0002ec71-2b68-8000-ba28-7f0000014e7a Processing reference: ActivityClassParameter[name=inheritSecurity,it=26,v=0]
2024-08-08 17:56:26.48 DEBUG processModel 22242 0002ec71-2b68-8000-ba28-7f0000014e7a Processing reference: com.appiancorp.suiteapi.process.ProcessRoleMap@18ea90fc[
  Role[name=ADMIN_OWNER,groupIds=[2440]]
  Role[name=EDITOR]
  Role[name=EXPLICIT_NONMEMBER]
  Role[name=VIEWER,groupIds=[2441]]
  Role[name=MANAGER]
  Role[name=INITIATOR]
]
2024-08-08 17:56:26.48 DEBUG processModel 22242 0002ec71-2b68-8000-ba28-7f0000014e7a Processing reference: Role[name=ADMIN_OWNER,groupIds=[2440]]
2024-08-08 17:56:26.481 DEBUG processModel 22242 0002ec71-2b68-8000-ba28-7f0000014e7a Processing reference: Role[name=EDITOR]
2024-08-08 17:56:26.481 DEBUG processModel 22242 0002ec71-2b68-8000-ba28-7f0000014e7a Processing reference: Role[name=EXPLICIT_NONMEMBER]
2024-08-08 17:56:26.481 DEBUG processModel 22242 0002ec71-2b68-8000-ba28-7f0000014e7a Processing reference: Role[name=VIEWER,groupIds=[2441]]
2024-08-08 17:56:26.493 DEBUG processModel 22242 0002ec71-2b68-8000-ba28-7f0000014e7a Processing reference: Role[name=MANAGER]
2024-08-08 17:56:26.493 DEBUG processModel 22242 0002ec71-2b68-8000-ba28-7f0000014e7a Processing reference: Role[name=INITIATOR]
2024-08-08 17:56:26.493 DEBUG processModel 22242 0002ec71-2b68-8000-ba28-7f0000014e7a Exporting binary resources.
2024-08-08 17:56:26.493 DEBUG processModel 22242 0002ec71-2b68-8000-ba28-7f0000014e7a Serializing object to XML.
2024-08-08 17:56:26.497 DEBUG processModel 22242 0002ec71-2b68-8000-ba28-7f0000014e7a Object transported.
2024-08-08 17:56:26.789 DEBUG application 157398 0b5c685d-8368-4955-9c80-c9f2b70c8140 Exporting binary resources.
2024-08-08 17:56:26.789 DEBUG application 157398 0b5c685d-8368-4955-9c80-c9f2b70c8140 Serializing object to XML.
2024-08-08 17:56:26.792 DEBUG application 157398 0b5c685d-8368-4955-9c80-c9f2b70c8140 Object transported.
